----------------------------------------------------------------
Thu Jan 23 13:44:43 CET 2014:
Booting Derby version The Apache Software Foundation - Apache Derby - 10.10.1.1 - (1458268): instance a816c00e-0143-bf21-8a6a-000000bf3870 
on database directory memory:C:\Users\Tom\Documents\NetBeansProjects\MavenSKS20\MavenSKS\testdb with class loader sun.misc.Launcher$AppClassLoader@19f953d 
Loaded from file:/C:/Users/Tom/.m2/repository/org/apache/derby/derby/10.10.1.1/derby-10.10.1.1.jar
java.vendor=Oracle Corporation
java.runtime.version=1.7.0-b147
user.dir=C:\Users\Tom\Documents\NetBeansProjects\MavenSKS20\MavenSKS
os.name=Windows 7
os.arch=x86
os.version=6.1
derby.system.home=null
derby.stream.error.method=org.springframework.jdbc.datasource.embedded.OutputStreamFactory.getNoopOutputStream
Database Class Loader started - derby.database.classpath=''
----------------------------------------------------------------
Thu Jan 23 13:44:43 CET 2014:
Shutting down instance a816c00e-0143-bf21-8a6a-000000bf3870 on database directory memory:C:\Users\Tom\Documents\NetBeansProjects\MavenSKS20\MavenSKS\testdb with class loader sun.misc.Launcher$AppClassLoader@19f953d 
----------------------------------------------------------------
Thu Jan 23 13:44:44 CET 2014:
Booting Derby version The Apache Software Foundation - Apache Derby - 10.10.1.1 - (1458268): instance f55fc0a6-0143-bf21-8a6a-000000bf3870 
on database directory memory:C:\Users\Tom\Documents\NetBeansProjects\MavenSKS20\MavenSKS\testdb with class loader sun.misc.Launcher$AppClassLoader@19f953d 
Loaded from file:/C:/Users/Tom/.m2/repository/org/apache/derby/derby/10.10.1.1/derby-10.10.1.1.jar
java.vendor=Oracle Corporation
java.runtime.version=1.7.0-b147
user.dir=C:\Users\Tom\Documents\NetBeansProjects\MavenSKS20\MavenSKS
os.name=Windows 7
os.arch=x86
os.version=6.1
derby.system.home=null
derby.stream.error.method=org.springframework.jdbc.datasource.embedded.OutputStreamFactory.getNoopOutputStream
Database Class Loader started - derby.database.classpath=''
----------------------------------------------------------------
Thu Jan 23 13:44:44 CET 2014:
Shutting down instance f55fc0a6-0143-bf21-8a6a-000000bf3870 on database directory memory:C:\Users\Tom\Documents\NetBeansProjects\MavenSKS20\MavenSKS\testdb with class loader sun.misc.Launcher$AppClassLoader@19f953d 
----------------------------------------------------------------
Thu Jan 23 13:44:44 CET 2014:
Booting Derby version The Apache Software Foundation - Apache Derby - 10.10.1.1 - (1458268): instance 5938c13e-0143-bf21-8a6a-000000bf3870 
on database directory memory:C:\Users\Tom\Documents\NetBeansProjects\MavenSKS20\MavenSKS\testdb with class loader sun.misc.Launcher$AppClassLoader@19f953d 
Loaded from file:/C:/Users/Tom/.m2/repository/org/apache/derby/derby/10.10.1.1/derby-10.10.1.1.jar
java.vendor=Oracle Corporation
java.runtime.version=1.7.0-b147
user.dir=C:\Users\Tom\Documents\NetBeansProjects\MavenSKS20\MavenSKS
os.name=Windows 7
os.arch=x86
os.version=6.1
derby.system.home=null
derby.stream.error.method=org.springframework.jdbc.datasource.embedded.OutputStreamFactory.getNoopOutputStream
Database Class Loader started - derby.database.classpath=''
----------------------------------------------------------------
Thu Jan 23 13:44:44 CET 2014:
Shutting down instance 5938c13e-0143-bf21-8a6a-000000bf3870 on database directory memory:C:\Users\Tom\Documents\NetBeansProjects\MavenSKS20\MavenSKS\testdb with class loader sun.misc.Launcher$AppClassLoader@19f953d 
